<?xml version="1.0" encoding="UTF-8"?>
<testng-results skipped="0" failed="0" ignored="0" total="1" passed="1">
  <reporter-output>
  </reporter-output>
  <suite name="Default suite" duration-ms="20719" started-at="2023-04-28T10:34:12Z" finished-at="2023-04-28T10:34:33Z">
    <groups>
    </groups>
    <test name="Default test" duration-ms="20719" started-at="2023-04-28T10:34:12Z" finished-at="2023-04-28T10:34:33Z">
      <class name="vertex.Glass.TestCases.LoginPageTest">
        <test-method status="PASS" signature="setup()[pri:0, instance:vertex.Glass.TestCases.LoginPageTest@1794d431]" name="setup" is-config="true" duration-ms="13534" started-at="2023-04-28T10:34:12Z" finished-at="2023-04-28T10:34:25Z">
          <reporter-output>
          </reporter-output>
        </test-method> <!-- setup -->
        <test-method status="PASS" signature="loginPageTitleTest()[pri:1, instance:vertex.Glass.TestCases.LoginPageTest@1794d431]" name="loginPageTitleTest" duration-ms="5980" started-at="2023-04-28T10:34:25Z" finished-at="2023-04-28T10:34:31Z">
          <reporter-output>
          </reporter-output>
        </test-method> <!-- loginPageTitleTest -->
        <test-method status="PASS" signature="tearDown()[pri:0, instance:vertex.Glass.TestCases.LoginPageTest@1794d431]" name="tearDown" is-config="true" duration-ms="1169" started-at="2023-04-28T10:34:31Z" finished-at="2023-04-28T10:34:33Z">
          <reporter-output>
          </reporter-output>
        </test-method> <!-- tearDown -->
      </class> <!-- vertex.Glass.TestCases.LoginPageTest -->
    </test> <!-- Default test -->
  </suite> <!-- Default suite -->
</testng-results>
